<?xml version="1.0" encoding="UTF-8"?>
<!-- Generated by org.testng.reporters.JUnitReportReporter -->
<testsuite hostname="DESKTOP-P98867E" failures="0" tests="5" name="Nopcommerce_demo.nopcommerce" time="20.212" errors="0" timestamp="31 Mar 2024 18:07:57 GMT">
  <testcase classname="Nopcommerce_demo.nopcommerce" name="bookorder" time="7.580"/>
  <testcase classname="Nopcommerce_demo.nopcommerce" name="print" time="0.010"/>
  <testcase classname="Nopcommerce_demo.nopcommerce" name="payment" time="4.394"/>
  <testcase classname="Nopcommerce_demo.nopcommerce" name="bilingaddress" time="4.680"/>
  <testcase classname="Nopcommerce_demo.nopcommerce" name="Registration" time="3.548"/>
</testsuite> <!-- Nopcommerce_demo.nopcommerce -->
